{
  "RSpec": {
    "coverage": {
      "/Users/dmragone/Projects/Ruby/GistCommentEmailer/app/controllers/application_controller.rb": [
        1,
        1,
        1,
        null
      ],
      "/Users/dmragone/Projects/Ruby/GistCommentEmailer/app/helpers/application_helper.rb": [
        1,
        null
      ],
      "/Users/dmragone/Projects/Ruby/GistCommentEmailer/app/helpers/sessions_helper.rb": [
        1,
        1,
        0,
        0,
        null,
        null,
        1,
        0,
        0,
        null,
        null,
        1,
        0,
        null,
        null,
        1,
        0,
        0,
        null,
        null,
        null,
        1,
        0,
        null,
        null
      ],
      "/Users/dmragone/Projects/Ruby/GistCommentEmailer/app/controllers/github_users_controller.rb": [
        1,
        1,
        0,
        0,
        null,
        null,
        1,
        null,
        null,
        1,
        null,
        null
      ],
      "/Users/dmragone/Projects/Ruby/GistCommentEmailer/app/models/github_user.rb": [
        null,
        null,
        null,
        null,
        null,
        null,
        null,
        null,
        null,
        null,
        null,
        null,
        null,
        null,
        null,
        null,
        1,
        1,
        1,
        null,
        1,
        1,
        null,
        1,
        0,
        0,
        0,
        0,
        0,
        null,
        0,
        null,
        0,
        0,
        0,
        null,
        null,
        null,
        1,
        1,
        0,
        null,
        null
      ],
      "/Users/dmragone/Projects/Ruby/GistCommentEmailer/app/controllers/sessions_controller.rb": [
        1,
        1,
        0,
        null,
        0,
        null,
        0,
        null,
        null,
        1,
        0,
        0,
        null,
        null,
        1,
        1,
        0,
        0,
        null,
        null,
        1,
        0,
        null,
        null,
        1,
        0,
        null,
        null
      ],
      "/Users/dmragone/Projects/Ruby/GistCommentEmailer/app/controllers/static_pages_controller.rb": [
        1,
        1,
        null,
        null,
        1,
        null,
        null,
        1,
        null,
        null
      ],
      "/Users/dmragone/Projects/Ruby/GistCommentEmailer/app/models/gist.rb": [
        null,
        null,
        null,
        null,
        null,
        null,
        null,
        null,
        null,
        null,
        null,
        null,
        null,
        null,
        null,
        null,
        null,
        null,
        1,
        1,
        null,
        1,
        null
      ]
    },
    "timestamp": 1359850091
  }
}
