{
  "RSpec": {
    "coverage": {
      "/Users/dmragone/Projects/Ruby/GistCommentEmailer/app/controllers/application_controller.rb": [
        1,
        1,
        1,
        null
      ],
      "/Users/dmragone/Projects/Ruby/GistCommentEmailer/app/helpers/application_helper.rb": [
        1,
        null
      ],
      "/Users/dmragone/Projects/Ruby/GistCommentEmailer/app/helpers/sessions_helper.rb": [
        1,
        1,
        5,
        5,
        null,
        null,
        1,
        0,
        0,
        null,
        null,
        1,
        0,
        null,
        null,
        1,
        41,
        36,
        null,
        null,
        null,
        1,
        18,
        null,
        null
      ],
      "/Users/dmragone/Projects/Ruby/GistCommentEmailer/app/controllers/github_users_controller.rb": [
        1,
        1,
        null,
        1,
        4,
        4,
        null,
        null,
        1,
        1,
        1,
        1,
        null,
        null,
        1,
        null,
        null,
        1,
        1,
        0,
        5,
        null,
        null
      ],
      "/Users/dmragone/Projects/Ruby/GistCommentEmailer/app/models/github_user.rb": [
        null,
        null,
        null,
        null,
        null,
        null,
        null,
        null,
        null,
        null,
        null,
        null,
        null,
        null,
        null,
        null,
        1,
        1,
        1,
        null,
        1,
        1,
        null,
        1,
        4,
        4,
        4,
        4,
        2,
        null,
        2,
        null,
        4,
        4,
        4,
        null,
        null,
        null,
        1,
        1,
        6,
        null,
        null
      ],
      "/Users/dmragone/Projects/Ruby/GistCommentEmailer/app/controllers/sessions_controller.rb": [
        1,
        1,
        4,
        null,
        4,
        null,
        4,
        null,
        null,
        1,
        0,
        0,
        null,
        0,
        null,
        null,
        1,
        1,
        4,
        4,
        null,
        null,
        1,
        4,
        null,
        null,
        1,
        2,
        null,
        null
      ],
      "/Users/dmragone/Projects/Ruby/GistCommentEmailer/app/controllers/static_pages_controller.rb": [
        1,
        1,
        null,
        null,
        1,
        null,
        null,
        1,
        null,
        null
      ],
      "/Users/dmragone/Projects/Ruby/GistCommentEmailer/app/models/gist.rb": [
        null,
        null,
        null,
        null,
        null,
        null,
        null,
        null,
        null,
        null,
        null,
        null,
        null,
        null,
        null,
        null,
        null,
        null,
        1,
        1,
        null,
        1,
        null
      ],
      "/Users/dmragone/Projects/Ruby/GistCommentEmailer/lib/gist_fetcher.rb": [
        1,
        null,
        null,
        null
      ]
    },
    "timestamp": 1359877520
  },
  "Cucumber Features": {
    "coverage": {
      "/Users/dmragone/Projects/Ruby/GistCommentEmailer/app/controllers/application_controller.rb": [
        1,
        1,
        1,
        null
      ],
      "/Users/dmragone/Projects/Ruby/GistCommentEmailer/app/helpers/application_helper.rb": [
        1,
        null
      ],
      "/Users/dmragone/Projects/Ruby/GistCommentEmailer/app/helpers/sessions_helper.rb": [
        1,
        1,
        5,
        5,
        null,
        null,
        1,
        0,
        0,
        null,
        null,
        1,
        0,
        null,
        null,
        1,
        30,
        26,
        null,
        null,
        null,
        1,
        12,
        null,
        null
      ],
      "/Users/dmragone/Projects/Ruby/GistCommentEmailer/app/controllers/github_users_controller.rb": [
        1,
        1,
        null,
        1,
        4,
        4,
        null,
        null,
        1,
        1,
        1,
        1,
        null,
        null,
        1,
        null,
        null
      ],
      "/Users/dmragone/Projects/Ruby/GistCommentEmailer/app/models/github_user.rb": [
        null,
        null,
        null,
        null,
        null,
        null,
        null,
        null,
        null,
        null,
        null,
        null,
        null,
        null,
        null,
        null,
        1,
        1,
        1,
        null,
        1,
        1,
        null,
        1,
        4,
        4,
        4,
        4,
        2,
        null,
        2,
        null,
        4,
        4,
        4,
        null,
        null,
        null,
        1,
        1,
        5,
        null,
        null
      ],
      "/Users/dmragone/Projects/Ruby/GistCommentEmailer/app/controllers/sessions_controller.rb": [
        1,
        1,
        4,
        null,
        4,
        null,
        4,
        null,
        null,
        1,
        0,
        0,
        null,
        0,
        null,
        null,
        1,
        1,
        4,
        4,
        null,
        null,
        1,
        4,
        null,
        null,
        1,
        2,
        null,
        null
      ],
      "/Users/dmragone/Projects/Ruby/GistCommentEmailer/app/controllers/static_pages_controller.rb": [
        1,
        1,
        null,
        null,
        1,
        null,
        null,
        1,
        null,
        null
      ],
      "/Users/dmragone/Projects/Ruby/GistCommentEmailer/app/models/gist.rb": [
        null,
        null,
        null,
        null,
        null,
        null,
        null,
        null,
        null,
        null,
        null,
        null,
        null,
        null,
        null,
        null,
        null,
        null,
        1,
        1,
        null,
        1,
        null
      ]
    },
    "timestamp": 1359874083
  }
}
